<?xml version="1.0" encoding="UTF-8"?>
<!-- Generated by org.testng.reporters.JUnitXMLReporter -->
<testsuite ignored="0" hostname="DESKTOP-S1NRV2S" failures="5" tests="18" name="TestA" time="460.646" errors="0" timestamp="2022-02-19T00:02:58 IST">
  <testcase classname="TestClass.TestClassWithTestNG" name="verifySliders" time="0.634"/>
  <testcase classname="TestClass.TestClassWithTestNG" name="verifyArrivals" time="0.032"/>
  <testcase classname="TestClass.TestClassWithTestNG" name="seleniumRuby" time="16.24"/>
  <testcase classname="TestClass.TestClassWithTestNG" name="imagesDiscription" time="11.519">
    <failure type="org.openqa.selenium.ElementClickInterceptedException" message="element click intercepted: Element &amp;lt;a href=&amp;quot;#tab-description&amp;quot;&amp;gt;...&amp;lt;/a&amp;gt; is not clickable at point (178, 585). Other element would receive the click: &amp;lt;div class=&amp;quot;pp_overlay&amp;quot; style=&amp;quot;opacity: 0.8; height: 2032px; width: 1349px; display: block;&amp;quot;&amp;gt;&amp;lt;/div&amp;gt;
  (Session info: chrome=98.0.4758.102)
Build info: version: &amp;apos;3.141.59&amp;apos;, revision: &amp;apos;e82be7d358&amp;apos;, time: &amp;apos;2018-11-14T08:17:03&amp;apos;
System info: host: &amp;apos;DESKTOP-S1NRV2S&amp;apos;, ip: &amp;apos;192.168.1.41&amp;apos;, os.name: &amp;apos;Windows 10&amp;apos;, os.arch: &amp;apos;amd64&amp;apos;, os.version: &amp;apos;10.0&amp;apos;, java.version: &amp;apos;17.0.1&amp;apos;
Driver info: org.openqa.selenium.chrome.ChromeDriver
Capabilities {acceptInsecureCerts: false, browserName: chrome, browserVersion: 98.0.4758.102, chrome: {chromedriverVersion: 98.0.4758.48 (d869ab3eda606..., userDataDir: C:\Users\Lenovo\AppData\Loc...}, goog:chromeOptions: {debuggerAddress: localhost:64621}, javascriptEnabled: true, networkConnectionEnabled: false, pageLoadStrategy: normal, platform: WINDOWS, platformName: WINDOWS, proxy: Proxy(), setWindowRect: true, strictFileInteractability: false, timeouts: {implicit: 0, pageLoad: 300000, script: 30000}, unhandledPromptBehavior: dismiss and notify, webauthn:extension:credBlob: true, webauthn:extension:largeBlob: true, webauthn:virtualAuthenticators: true}
Session ID: 233aa7a74354154d94aa36362767a555">
      <![CDATA[org.openqa.selenium.ElementClickInterceptedException: element click intercepted: Element <a href="#tab-description">...</a> is not clickable at point (178, 585). Other element would receive the click: <div class="pp_overlay" style="opacity: 0.8; height: 2032px; width: 1349px; display: block;"></div>
  (Session info: chrome=98.0.4758.102)
Build info: version: '3.141.59', revision: 'e82be7d358', time: '2018-11-14T08:17:03'
System info: host: 'DESKTOP-S1NRV2S', ip: '192.168.1.41', os.name: 'Windows 10', os.arch: 'amd64', os.version: '10.0', java.version: '17.0.1'
Driver info: org.openqa.selenium.chrome.ChromeDriver
Capabilities {acceptInsecureCerts: false, browserName: chrome, browserVersion: 98.0.4758.102, chrome: {chromedriverVersion: 98.0.4758.48 (d869ab3eda606..., userDataDir: C:\Users\Lenovo\AppData\Loc...}, goog:chromeOptions: {debuggerAddress: localhost:64621}, javascriptEnabled: true, networkConnectionEnabled: false, pageLoadStrategy: normal, platform: WINDOWS, platformName: WINDOWS, proxy: Proxy(), setWindowRect: true, strictFileInteractability: false, timeouts: {implicit: 0, pageLoad: 300000, script: 30000}, unhandledPromptBehavior: dismiss and notify, webauthn:extension:credBlob: true, webauthn:extension:largeBlob: true, webauthn:virtualAuthenticators: true}
Session ID: 233aa7a74354154d94aa36362767a555
at org.openqa.selenium.remote.http.W3CHttpResponseCodec.createException(W3CHttpResponseCodec.java:187)
at org.openqa.selenium.remote.http.W3CHttpResponseCodec.decode(W3CHttpResponseCodec.java:122)
at org.openqa.selenium.remote.http.W3CHttpResponseCodec.decode(W3CHttpResponseCodec.java:49)
at org.openqa.selenium.remote.HttpCommandExecutor.execute(HttpCommandExecutor.java:158)
at org.openqa.selenium.remote.service.DriverCommandExecutor.execute(DriverCommandExecutor.java:83)
at org.openqa.selenium.remote.RemoteWebDriver.execute(RemoteWebDriver.java:552)
at org.openqa.selenium.remote.RemoteWebElement.execute(RemoteWebElement.java:285)
at org.openqa.selenium.remote.RemoteWebElement.click(RemoteWebElement.java:84)
at org.openqa.selenium.support.pagefactory.internal.LocatingElementHandler.invoke(LocatingElementHandler.java:51)
at jdk.proxy2/jdk.proxy2.$Proxy17.click(Unknown Source)
at POM.ThinkingInHTML.verifyThinkingInHTMLDescription(ThinkingInHTML.java:59)
at TestClass.TestClassWithTestNG.imagesDiscription(TestClassWithTestNG.java:169)
at java.base/java.util.ArrayList.forEach(ArrayList.java:1511)
... Removed 36 stack frames]]>
    </failure>
  </testcase> <!-- imagesDiscription -->
  <testcase classname="TestClass.TestClassWithTestNG" name="imageReview" time="14.935"/>
  <testcase classname="TestClass.TestClassWithTestNG" name="addBookToBasket" time="6.392"/>
  <testcase classname="TestClass.TestClassWithTestNG" name="verifyHighestQuantityError" time="4.884"/>
  <testcase classname="TestClass.TestClassWithTestNG" name="checkBasketPage" time="9.788"/>
  <testcase classname="TestClass.TestClassWithTestNG" name="ApplyCoupon" time="10.409"/>
  <testcase classname="TestClass.TestClassWithTestNG" name="unableToApplyCouponCode" time="13.982"/>
  <testcase classname="TestClass.TestClassWithTestNG" name="removeBook" time="11.577"/>
  <testcase classname="TestClass.TestClassWithTestNG" name="updateBook" time="10.731"/>
  <testcase classname="TestClass.TestClassWithTestNG" name="totalPriceOfBook" time="14.015"/>
  <testcase classname="TestClass.TestClassWithTestNG" name="updateBasketBook" time="11.668"/>
  <testcase classname="TestClass.TestClassWithTestNG" name="totalAndSubTotalPriceOfBook" time="9.773">
    <failure type="java.lang.NumberFormatException" message="For input string: &amp;quot;1,050.00&amp;quot;">
      <![CDATA[java.lang.NumberFormatException: For input string: "1,050.00"
at java.base/jdk.internal.math.FloatingDecimal.readJavaFormatString(FloatingDecimal.java:2054)
at java.base/jdk.internal.math.FloatingDecimal.parseFloat(FloatingDecimal.java:122)
at java.base/java.lang.Float.parseFloat(Float.java:476)
at POM.BookBasket.compareTotalSubTotalPrice(BookBasket.java:86)
at TestClass.TestClassWithTestNG.totalAndSubTotalPriceOfBook(TestClassWithTestNG.java:409)
at java.base/java.util.ArrayList.forEach(ArrayList.java:1511)
... Removed 27 stack frames]]>
    </failure>
  </testcase> <!-- totalAndSubTotalPriceOfBook -->
  <testcase classname="TestClass.TestClassWithTestNG" name="checkOutFunctionalityFromBasketTab" time="9.692">
    <failure type="java.lang.NumberFormatException" message="For input string: &amp;quot;1,050.00&amp;quot;">
      <![CDATA[java.lang.NumberFormatException: For input string: "1,050.00"
at java.base/jdk.internal.math.FloatingDecimal.readJavaFormatString(FloatingDecimal.java:2054)
at java.base/jdk.internal.math.FloatingDecimal.parseFloat(FloatingDecimal.java:122)
at java.base/java.lang.Float.parseFloat(Float.java:476)
at POM.BookBasket.compareTotalSubTotalPrice(BookBasket.java:86)
at TestClass.TestClassWithTestNG.checkOutFunctionalityFromBasketTab(TestClassWithTestNG.java:432)
at java.base/java.util.ArrayList.forEach(ArrayList.java:1511)
... Removed 27 stack frames]]>
    </failure>
  </testcase> <!-- checkOutFunctionalityFromBasketTab -->
  <testcase classname="TestClass.TestClassWithTestNG" name="checkOutPaymentGatewayFillDetails" time="12.281">
    <failure type="java.lang.NumberFormatException" message="For input string: &amp;quot;1,400.00&amp;quot;">
      <![CDATA[java.lang.NumberFormatException: For input string: "1,400.00"
at java.base/jdk.internal.math.FloatingDecimal.readJavaFormatString(FloatingDecimal.java:2054)
at java.base/jdk.internal.math.FloatingDecimal.parseFloat(FloatingDecimal.java:122)
at java.base/java.lang.Float.parseFloat(Float.java:476)
at POM.BookBasket.compareTotalSubTotalPrice(BookBasket.java:86)
at TestClass.TestClassWithTestNG.checkOutPaymentGatewayFillDetails(TestClassWithTestNG.java:460)
at java.base/java.util.ArrayList.forEach(ArrayList.java:1511)
... Removed 27 stack frames]]>
    </failure>
  </testcase> <!-- checkOutPaymentGatewayFillDetails -->
  <testcase classname="TestClass.TestClassWithTestNG" name="checkOutPaymentGatewayPlaceOrder" time="22.375">
    <failure type="java.lang.NumberFormatException" message="For input string: &amp;quot;1,400.00&amp;quot;">
      <![CDATA[java.lang.NumberFormatException: For input string: "1,400.00"
at java.base/jdk.internal.math.FloatingDecimal.readJavaFormatString(FloatingDecimal.java:2054)
at java.base/jdk.internal.math.FloatingDecimal.parseFloat(FloatingDecimal.java:122)
at java.base/java.lang.Float.parseFloat(Float.java:476)
at POM.BookBasket.compareTotalSubTotalPrice(BookBasket.java:86)
at TestClass.TestClassWithTestNG.checkOutPaymentGatewayPlaceOrder(TestClassWithTestNG.java:491)
at java.base/java.util.ArrayList.forEach(ArrayList.java:1511)
... Removed 27 stack frames]]>
    </failure>
  </testcase> <!-- checkOutPaymentGatewayPlaceOrder -->
</testsuite> <!-- TestA -->
