<?xml version="1.0" encoding="UTF-8"?>
<!-- Generated by org.testng.reporters.JUnitXMLReporter -->
<testsuite ignored="0" hostname="DESKTOP-S1NRV2S" failures="0" tests="4" name="Test" time="0.262" errors="0" timestamp="2022-02-10T00:48:08 IST">
  <testcase classname="TestClass1.Demo1" name="test2" time="0.04"/>
  <testcase classname="TestClass1.Demo1" name="testa" time="0.003"/>
  <testcase classname="TestClass1.Demo2" name="test" time="0.002"/>
  <testcase classname="TestClass1.Demo2" name="test2" time="0.003"/>
</testsuite> <!-- Test -->
