<?xml version="1.0" encoding="UTF-8"?>
<!-- Generated by org.testng.reporters.JUnitXMLReporter -->
<testsuite ignored="0" hostname="DESKTOP-S1NRV2S" failures="0" tests="5" name="Test" time="129.094" errors="0" timestamp="2022-02-09T22:55:47 IST">
  <testcase classname="TestClass1.TestClassWithTestNG" name="verifyFillAddEmployeeForm" time="37.826"/>
  <testcase classname="TestClass1.TestClassWithTestNG" name="verifyPrintCustomerTable" time="4.441"/>
  <testcase classname="TestClass1.TestClassWithTestNG" name="verifyRecruitmentCandidateSearch" time="11.422"/>
  <testcase classname="TestClass1.TestClassWithTestNG" name="verifyTakeScreenShotOnBuzz" time="11.222"/>
  <testcase classname="TestClass1.TestClassWithTestNG" name="verifyTitleAfterLogin" time="0.187"/>
</testsuite> <!-- Test -->
