<?xml version="1.0" encoding="UTF-8"?>
<!-- Generated by org.testng.reporters.JUnitXMLReporter -->
<testsuite ignored="0" hostname="DESKTOP-S1NRV2S" failures="0" tests="5" name="TestA" time="115.86" errors="0" timestamp="2022-02-11T10:39:04 IST">
  <testcase classname="TestClass1.TestClassWithTestNG" name="verifyFillAddEmployeeForm" time="25.275"/>
  <testcase classname="TestClass1.TestClassWithTestNG" name="verifyPrintCustomerTable" time="4.394"/>
  <testcase classname="TestClass1.TestClassWithTestNG" name="verifyRecruitmentCandidateSearch" time="10.126"/>
  <testcase classname="TestClass1.TestClassWithTestNG" name="verifyTakeScreenShotOnBuzz" time="9.32"/>
  <testcase classname="TestClass1.TestClassWithTestNG" name="verifyTitleAfterLogin" time="0.051"/>
</testsuite> <!-- TestA -->
